<?xml version="1.0" encoding="UTF-8"?>
<!-- Generated by org.testng.reporters.JUnitXMLReporter -->
<testsuite hostname="LIN35004766" ignored="1" name="Test" tests="5" failures="2" timestamp="06 Feb 2019 03:22:13 GMT" time="0.065" errors="0">
  <testcase name="demo2" time="0.009" classname="test.day1"/>
  <testcase name="Webcar" time="0.0" classname="test.day4">
    <failure type="org.testng.TestNGException" message="
Parameter &amp;apos;URL&amp;apos; is required by @Test on method Webcar but has not been marked @Optional or defined
in C:\Users\karunh\SeleniumTutorial\SeleniumTutorial\TestNG\testng.xml">
      <![CDATA[org.testng.TestNGException: 
Parameter 'URL' is required by @Test on method Webcar but has not been marked @Optional or defined
in C:\Users\karunh\SeleniumTutorial\SeleniumTutorial\TestNG\testng.xml
... Removed 24 stack frames]]>
    </failure>
  </testcase> <!-- Webcar -->
  <testcase name="webAPI" time="0.001" classname="test.day4"/>
  <testcase name="demo3" time="0.003" classname="test.day2">
    <failure type="java.lang.AssertionError" message="expected [true] but found [false]">
      <![CDATA[java.lang.AssertionError: expected [true] but found [false]
at test.day2.demo3(day2.java:12)
... Removed 29 stack frames]]>
    </failure>
  </testcase> <!-- demo3 -->
  <testcase name="demo4" time="0.001" classname="test.day2"/>
  <testcase name="webloan" time="0.0" classname="test.day4">
    <ignored/>
  </testcase> <!-- webloan -->
</testsuite> <!-- Test -->
